2025-04-24 11:36:00,430 - my_logger - DEBUG - This is a debug message
2025-04-24 11:36:00,430 - my_logger - INFO - This is an info message
2025-04-24 11:36:00,430 - my_logger - WARNING - This is a warning message
2025-04-24 11:36:00,430 - my_logger - ERROR - This is an error message
2025-04-24 11:36:00,430 - my_logger - CRITICAL - This is a critical message
2025-04-24 12:10:04,091 - my_logger - DEBUG - This is a debug message
2025-04-24 12:10:04,091 - my_logger - INFO - This is an info message
2025-04-24 12:10:04,091 - my_logger - WARNING - This is a warning message
2025-04-24 12:10:04,091 - my_logger - ERROR - This is an error message
2025-04-24 12:10:04,091 - my_logger - CRITICAL - This is a critical message
2025-04-24 12:18:56,342 - my_logger - DEBUG - This is a debug message
2025-04-24 12:18:56,342 - my_logger - INFO - This is an info message
2025-04-24 12:18:56,342 - my_logger - WARNING - This is a warning message
2025-04-24 12:18:56,342 - my_logger - ERROR - This is an error message
2025-04-24 12:18:56,342 - my_logger - CRITICAL - This is a critical message
2025-04-24 12:27:45,053 - my_logger - DEBUG - This is a debug message
2025-04-24 12:27:45,053 - my_logger - INFO - This is an info message
2025-04-24 12:27:45,053 - my_logger - WARNING - This is a warning message
2025-04-24 12:27:45,053 - my_logger - ERROR - This is an error message
2025-04-24 12:27:45,053 - my_logger - CRITICAL - This is a critical message
